==============================================================================
Suites                                                                        
==============================================================================
Suites.TestSuiteSetup                                                         
==============================================================================
Print_All_Links_TC_01                                                 27

HOME
COURSES
CORPORATE TRAINING






ABOUT
CONTACT

Home
| PASS |
------------------------------------------------------------------------------
Print_All_Links_TC_02                                                 27

HOME
COURSES
CORPORATE TRAINING






ABOUT
CONTACT

Home
| PASS |
------------------------------------------------------------------------------
Suites.TestSuiteSetup                                                 | PASS |
2 tests, 2 passed, 0 failed
==============================================================================
Suites                                                                | PASS |
2 tests, 2 passed, 0 failed
==============================================================================
Output:  D:\PythonExcersiseFiles\Day1PythonProgramming\Reports\pabot_results\4\output.xml
