==============================================================================
Suites                                                                        
==============================================================================
Suites.HTMLTable                                                              
==============================================================================
SS:01                                                                 7
4
BookName
Author
Subject
Price
| PASS |
------------------------------------------------------------------------------
Suites.HTMLTable                                                      | PASS |
1 test, 1 passed, 0 failed
==============================================================================
Suites                                                                | PASS |
1 test, 1 passed, 0 failed
==============================================================================
Output:  D:\PythonExcersiseFiles\Day1PythonProgramming\Reports\pabot_results\1\output.xml
